<?xml version='1.0' encoding='UTF-8'?>
<testsuite hostname="saartank9_g7" name="AllTests" tests="7" errors="0" failures="0" skipped="0" time="0.074" timestamp="2023-11-24T20:25:06">
          <properties>
[...]
</properties>
          <testcase classname="AllTests" name="simRank should calculate sim rank between nodes of the 2 graphs" time="0.035">
                      
                    </testcase><testcase classname="AllTests" name="simRank should return matching node and sim-score for each node in the graph" time="0.003">
                      
                    </testcase><testcase classname="AllTests" name="getTwoCommonNodes should output 2 distinct common nodes in the 2 graphs" time="0.016">
                      
                    </testcase><testcase classname="AllTests" name="findDistance should return correct distance between two connected nodes" time="0.017">
                      
                    </testcase><testcase classname="AllTests" name="findDistance should return 0 when the nodes are the same" time="0.0">
                      
                    </testcase><testcase classname="AllTests" name="findDistance should return -1 for nodes not in graph" time="0.0">
                      
                    </testcase><testcase classname="AllTests" name="findClosestValuableNodeDistance should return find the closest valuable node and the distance to it" time="0.003">
                      
                    </testcase>
          <system-out><![CDATA[]]></system-out>
          <system-err><![CDATA[]]></system-err>
        </testsuite>